This file contains any messages produced by compilers while
running configure, to aid debugging if configure makes a mistake.

It was created by bf configure 0.0.1, which was
generated by GNU Autoconf 2.67.  Invocation command line was

  $ ./configure 

## --------- ##
## Platform. ##
## --------- ##

hostname = blackmamba
uname -m = i686
uname -r = 2.6.38-8-generic
uname -s = Linux
uname -v = #42-Ubuntu SMP Mon Apr 11 03:31:50 UTC 2011

/usr/bin/uname -p = unknown
/bin/uname -X     = unknown

/bin/arch              = unknown
/usr/bin/arch -k       = unknown
/usr/convex/getsysinfo = unknown
/usr/bin/hostinfo      = unknown
/bin/machine           = unknown
/usr/bin/oslevel       = unknown
/bin/universe          = unknown

PATH: /home/klez/.rvm/gems/ruby-1.9.2-p180/bin
PATH: /home/klez/.rvm/gems/ruby-1.9.2-p180@global/bin
PATH: /home/klez/.rvm/rubies/ruby-1.9.2-p180/bin
PATH: /home/klez/.rvm/bin
PATH: /home/klez/bin
PATH: /usr/local/bin
PATH: /usr/bin
PATH: /bin
PATH: /home/klez/Programmi/android-sdk/platform-tools
PATH: /home/klez/Programmi/android-sdk/tools
PATH: /home/klez/bin/jython2.5.2/bin
PATH: /home/klez/Programmi/android-sdk/platform-tools
PATH: /home/klez/Programmi/android-sdk/tools
PATH: /home/klez/bin
PATH: /home/klez/bin/jython2.5.2/bin


## ----------- ##
## Core tests. ##
## ----------- ##

configure:2151: checking for a BSD-compatible install
configure:2219: result: /usr/bin/install -c
configure:2230: checking whether build environment is sane
configure:2280: result: yes
configure:2421: checking for a thread-safe mkdir -p
configure:2460: result: /bin/mkdir -p
configure:2473: checking for gawk
configure:2503: result: no
configure:2473: checking for mawk
configure:2489: found /usr/bin/mawk
configure:2500: result: mawk
configure:2511: checking whether make sets $(MAKE)
configure:2533: result: yes
configure:2665: checking for gcc
configure:2681: found /usr/bin/gcc
configure:2692: result: gcc
configure:2921: checking for C compiler version
configure:2930: gcc --version >&5
gcc (Ubuntu/Linaro 4.5.2-8ubuntu4) 4.5.2
Copyright (C) 2010 Free Software Foundation, Inc.
This is free software; see the source for copying conditions.  There is NO
warranty; not even for MERCHANTABILITY or FITNESS FOR A PARTICULAR PURPOSE.

configure:2941: $? = 0
configure:2930: gcc -v >&5
Using built-in specs.
COLLECT_GCC=gcc
COLLECT_LTO_WRAPPER=/usr/lib/i386-linux-gnu/gcc/i686-linux-gnu/4.5.2/lto-wrapper
Target: i686-linux-gnu
Configured with: ../src/configure -v --with-pkgversion='Ubuntu/Linaro 4.5.2-8ubuntu4' --with-bugurl=file:///usr/share/doc/gcc-4.5/README.Bugs --enable-languages=c,c++,fortran,objc,obj-c++ --prefix=/usr --program-suffix=-4.5 --enable-shared --enable-multiarch --with-multiarch-defaults=i386-linux-gnu --enable-linker-build-id --with-system-zlib --libexecdir=/usr/lib/i386-linux-gnu --without-included-gettext --enable-threads=posix --with-gxx-include-dir=/usr/include/c++/4.5 --libdir=/usr/lib/i386-linux-gnu --enable-nls --with-sysroot=/ --enable-clocale=gnu --enable-libstdcxx-debug --enable-libstdcxx-time=yes --enable-plugin --enable-gold --enable-ld=default --with-plugin-ld=ld.gold --enable-objc-gc --enable-targets=all --disable-werror --with-arch-32=i686 --with-tune=generic --enable-checking=release --build=i686-linux-gnu --host=i686-linux-gnu --target=i686-linux-gnu
Thread model: posix
gcc version 4.5.2 (Ubuntu/Linaro 4.5.2-8ubuntu4) 
configure:2941: $? = 0
configure:2930: gcc -V >&5
gcc: '-V' option must have argument
configure:2941: $? = 1
configure:2930: gcc -qversion >&5
gcc: unrecognized option '-qversion'
gcc: no input files
configure:2941: $? = 1
configure:2961: checking whether the C compiler works
configure:2983: gcc    conftest.c  >&5
configure:2987: $? = 0
configure:3035: result: yes
configure:3038: checking for C compiler default output file name
configure:3040: result: a.out
configure:3046: checking for suffix of executables
configure:3053: gcc -o conftest    conftest.c  >&5
configure:3057: $? = 0
configure:3079: result: 
configure:3101: checking whether we are cross compiling
configure:3109: gcc -o conftest    conftest.c  >&5
configure:3113: $? = 0
configure:3120: ./conftest
configure:3124: $? = 0
configure:3139: result: no
configure:3144: checking for suffix of object files
configure:3166: gcc -c   conftest.c >&5
configure:3170: $? = 0
configure:3191: result: o
configure:3195: checking whether we are using the GNU C compiler
configure:3214: gcc -c   conftest.c >&5
configure:3214: $? = 0
configure:3223: result: yes
configure:3232: checking whether gcc accepts -g
configure:3252: gcc -c -g  conftest.c >&5
configure:3252: $? = 0
configure:3293: result: yes
configure:3310: checking for gcc option to accept ISO C89
configure:3374: gcc  -c -g -O2  conftest.c >&5
configure:3374: $? = 0
configure:3387: result: none needed
configure:3418: checking for style of include used by make
configure:3446: result: GNU
configure:3471: checking dependency style of gcc
configure:3581: result: gcc3
configure:3606: checking how to run the C preprocessor
configure:3637: gcc -E  conftest.c
configure:3637: $? = 0
configure:3651: gcc -E  conftest.c
conftest.c:11:28: fatal error: ac_nonexistent.h: No such file or directory
compilation terminated.
configure:3651: $? = 1
configure: failed program was:
| /* confdefs.h */
| #define PACKAGE_NAME "bf"
| #define PACKAGE_TARNAME "bf"
| #define PACKAGE_VERSION "0.0.1"
| #define PACKAGE_STRING "bf 0.0.1"
| #define PACKAGE_BUGREPORT "federicoculloca@gmail.com"
| #define PACKAGE_URL ""
| #define PACKAGE "bf"
| #define VERSION "0.0.1"
| /* end confdefs.h.  */
| #include <ac_nonexistent.h>
configure:3676: result: gcc -E
configure:3696: gcc -E  conftest.c
configure:3696: $? = 0
configure:3710: gcc -E  conftest.c
conftest.c:11:28: fatal error: ac_nonexistent.h: No such file or directory
compilation terminated.
configure:3710: $? = 1
configure: failed program was:
| /* confdefs.h */
| #define PACKAGE_NAME "bf"
| #define PACKAGE_TARNAME "bf"
| #define PACKAGE_VERSION "0.0.1"
| #define PACKAGE_STRING "bf 0.0.1"
| #define PACKAGE_BUGREPORT "federicoculloca@gmail.com"
| #define PACKAGE_URL ""
| #define PACKAGE "bf"
| #define VERSION "0.0.1"
| /* end confdefs.h.  */
| #include <ac_nonexistent.h>
configure:3739: checking for grep that handles long lines and -e
configure:3797: result: /bin/grep
configure:3802: checking for egrep
configure:3864: result: /bin/grep -E
configure:3869: checking for ANSI C header files
configure:3889: gcc -c -g -O2  conftest.c >&5
configure:3889: $? = 0
configure:3962: gcc -o conftest -g -O2   conftest.c  >&5
configure:3962: $? = 0
configure:3962: ./conftest
configure:3962: $? = 0
configure:3973: result: yes
configure:3986: checking for sys/types.h
configure:3986: gcc -c -g -O2  conftest.c >&5
configure:3986: $? = 0
configure:3986: result: yes
configure:3986: checking for sys/stat.h
configure:3986: gcc -c -g -O2  conftest.c >&5
configure:3986: $? = 0
configure:3986: result: yes
configure:3986: checking for stdlib.h
configure:3986: gcc -c -g -O2  conftest.c >&5
configure:3986: $? = 0
configure:3986: result: yes
configure:3986: checking for string.h
configure:3986: gcc -c -g -O2  conftest.c >&5
configure:3986: $? = 0
configure:3986: result: yes
configure:3986: checking for memory.h
configure:3986: gcc -c -g -O2  conftest.c >&5
configure:3986: $? = 0
configure:3986: result: yes
configure:3986: checking for strings.h
configure:3986: gcc -c -g -O2  conftest.c >&5
configure:3986: $? = 0
configure:3986: result: yes
configure:3986: checking for inttypes.h
configure:3986: gcc -c -g -O2  conftest.c >&5
configure:3986: $? = 0
configure:3986: result: yes
configure:3986: checking for stdint.h
configure:3986: gcc -c -g -O2  conftest.c >&5
configure:3986: $? = 0
configure:3986: result: yes
configure:3986: checking for unistd.h
configure:3986: gcc -c -g -O2  conftest.c >&5
configure:3986: $? = 0
configure:3986: result: yes
configure:4001: checking for stdlib.h
configure:4001: result: yes
configure:4001: checking for string.h
configure:4001: result: yes
configure:4017: checking for stdlib.h
configure:4017: result: yes
configure:4027: checking for GNU libc compatible realloc
configure:4051: gcc -o conftest -g -O2   conftest.c  >&5
configure:4051: $? = 0
configure:4051: ./conftest
configure:4051: $? = 0
configure:4061: result: yes
configure:4084: checking for atexit
configure:4084: gcc -o conftest -g -O2   conftest.c  >&5
configure:4084: $? = 0
configure:4084: result: yes
configure:4251: creating ./config.status

## ---------------------- ##
## Running config.status. ##
## ---------------------- ##

This file was extended by bf config.status 0.0.1, which was
generated by GNU Autoconf 2.67.  Invocation command line was

  CONFIG_FILES    = 
  CONFIG_HEADERS  = 
  CONFIG_LINKS    = 
  CONFIG_COMMANDS = 
  $ ./config.status 

on blackmamba

config.status:782: creating Makefile
config.status:782: creating src/Makefile
config.status:953: executing depfiles commands

## ---------------- ##
## Cache variables. ##
## ---------------- ##

ac_cv_c_compiler_gnu=yes
ac_cv_env_CC_set=
ac_cv_env_CC_value=
ac_cv_env_CFLAGS_set=
ac_cv_env_CFLAGS_value=
ac_cv_env_CPPFLAGS_set=
ac_cv_env_CPPFLAGS_value=
ac_cv_env_CPP_set=
ac_cv_env_CPP_value=
ac_cv_env_LDFLAGS_set=
ac_cv_env_LDFLAGS_value=
ac_cv_env_LIBS_set=
ac_cv_env_LIBS_value=
ac_cv_env_build_alias_set=
ac_cv_env_build_alias_value=
ac_cv_env_host_alias_set=
ac_cv_env_host_alias_value=
ac_cv_env_target_alias_set=
ac_cv_env_target_alias_value=
ac_cv_func_atexit=yes
ac_cv_func_realloc_0_nonnull=yes
ac_cv_header_inttypes_h=yes
ac_cv_header_memory_h=yes
ac_cv_header_stdc=yes
ac_cv_header_stdint_h=yes
ac_cv_header_stdlib_h=yes
ac_cv_header_string_h=yes
ac_cv_header_strings_h=yes
ac_cv_header_sys_stat_h=yes
ac_cv_header_sys_types_h=yes
ac_cv_header_unistd_h=yes
ac_cv_objext=o
ac_cv_path_EGREP='/bin/grep -E'
ac_cv_path_GREP=/bin/grep
ac_cv_path_install='/usr/bin/install -c'
ac_cv_path_mkdir=/bin/mkdir
ac_cv_prog_AWK=mawk
ac_cv_prog_CPP='gcc -E'
ac_cv_prog_ac_ct_CC=gcc
ac_cv_prog_cc_c89=
ac_cv_prog_cc_g=yes
ac_cv_prog_make_make_set=yes
am_cv_CC_dependencies_compiler_type=gcc3

## ----------------- ##
## Output variables. ##
## ----------------- ##

ACLOCAL='${SHELL} /home/klez/Programmi/m4bf/missing --run aclocal-1.11'
AMDEPBACKSLASH='\'
AMDEP_FALSE='#'
AMDEP_TRUE=''
AMTAR='${SHELL} /home/klez/Programmi/m4bf/missing --run tar'
AUTOCONF='${SHELL} /home/klez/Programmi/m4bf/missing --run autoconf'
AUTOHEADER='${SHELL} /home/klez/Programmi/m4bf/missing --run autoheader'
AUTOMAKE='${SHELL} /home/klez/Programmi/m4bf/missing --run automake-1.11'
AWK='mawk'
CC='gcc'
CCDEPMODE='depmode=gcc3'
CFLAGS='-g -O2'
CPP='gcc -E'
CPPFLAGS=''
CYGPATH_W='echo'
DEFS='-DPACKAGE_NAME=\"bf\" -DPACKAGE_TARNAME=\"bf\" -DPACKAGE_VERSION=\"0.0.1\" -DPACKAGE_STRING=\"bf\ 0.0.1\" -DPACKAGE_BUGREPORT=\"federicoculloca@gmail.com\" -DPACKAGE_URL=\"\" -DPACKAGE=\"bf\" -DVERSION=\"0.0.1\" -DSTDC_HEADERS=1 -DHAVE_SYS_TYPES_H=1 -DHAVE_SYS_STAT_H=1 -DHAVE_STDLIB_H=1 -DHAVE_STRING_H=1 -DHAVE_MEMORY_H=1 -DHAVE_STRINGS_H=1 -DHAVE_INTTYPES_H=1 -DHAVE_STDINT_H=1 -DHAVE_UNISTD_H=1 -DHAVE_STDLIB_H=1 -DHAVE_STRING_H=1 -DHAVE_STDLIB_H=1 -DHAVE_REALLOC=1 -DHAVE_ATEXIT=1'
DEPDIR='.deps'
ECHO_C=''
ECHO_N='-n'
ECHO_T=''
EGREP='/bin/grep -E'
EXEEXT=''
GREP='/bin/grep'
INSTALL_DATA='${INSTALL} -m 644'
INSTALL_PROGRAM='${INSTALL}'
INSTALL_SCRIPT='${INSTALL}'
INSTALL_STRIP_PROGRAM='$(install_sh) -c -s'
LDFLAGS=''
LIBOBJS=''
LIBS=''
LTLIBOBJS=''
MAKEINFO='${SHELL} /home/klez/Programmi/m4bf/missing --run makeinfo'
MKDIR_P='/bin/mkdir -p'
OBJEXT='o'
PACKAGE='bf'
PACKAGE_BUGREPORT='federicoculloca@gmail.com'
PACKAGE_NAME='bf'
PACKAGE_STRING='bf 0.0.1'
PACKAGE_TARNAME='bf'
PACKAGE_URL=''
PACKAGE_VERSION='0.0.1'
PATH_SEPARATOR=':'
SET_MAKE=''
SHELL='/bin/bash'
STRIP=''
VERSION='0.0.1'
ac_ct_CC='gcc'
am__EXEEXT_FALSE=''
am__EXEEXT_TRUE='#'
am__fastdepCC_FALSE='#'
am__fastdepCC_TRUE=''
am__include='include'
am__isrc=''
am__leading_dot='.'
am__quote=''
am__tar='${AMTAR} chof - "$$tardir"'
am__untar='${AMTAR} xf -'
bindir='${exec_prefix}/bin'
build_alias=''
datadir='${datarootdir}'
datarootdir='${prefix}/share'
docdir='${datarootdir}/doc/${PACKAGE_TARNAME}'
dvidir='${docdir}'
exec_prefix='${prefix}'
host_alias=''
htmldir='${docdir}'
includedir='${prefix}/include'
infodir='${datarootdir}/info'
install_sh='${SHELL} /home/klez/Programmi/m4bf/install-sh'
libdir='${exec_prefix}/lib'
libexecdir='${exec_prefix}/libexec'
localedir='${datarootdir}/locale'
localstatedir='${prefix}/var'
mandir='${datarootdir}/man'
mkdir_p='/bin/mkdir -p'
oldincludedir='/usr/include'
pdfdir='${docdir}'
prefix='/usr/local'
program_transform_name='s,x,x,'
psdir='${docdir}'
sbindir='${exec_prefix}/sbin'
sharedstatedir='${prefix}/com'
sysconfdir='${prefix}/etc'
target_alias=''

## ----------- ##
## confdefs.h. ##
## ----------- ##

/* confdefs.h */
#define PACKAGE_NAME "bf"
#define PACKAGE_TARNAME "bf"
#define PACKAGE_VERSION "0.0.1"
#define PACKAGE_STRING "bf 0.0.1"
#define PACKAGE_BUGREPORT "federicoculloca@gmail.com"
#define PACKAGE_URL ""
#define PACKAGE "bf"
#define VERSION "0.0.1"
#define STDC_HEADERS 1
#define HAVE_SYS_TYPES_H 1
#define HAVE_SYS_STAT_H 1
#define HAVE_STDLIB_H 1
#define HAVE_STRING_H 1
#define HAVE_MEMORY_H 1
#define HAVE_STRINGS_H 1
#define HAVE_INTTYPES_H 1
#define HAVE_STDINT_H 1
#define HAVE_UNISTD_H 1
#define HAVE_STDLIB_H 1
#define HAVE_STRING_H 1
#define HAVE_STDLIB_H 1
#define HAVE_REALLOC 1
#define HAVE_ATEXIT 1

configure: exit 0
